<?xml version="1.0" encoding="UTF-8"?>
<!-- Generated by org.testng.reporters.JUnitReportReporter -->
<testsuite skipped="0" hostname="TYC1121687" name="basicProject.tc_3Test" tests="1" failures="0" timestamp="2022-02-02T14:08:26 IST" time="33.644" errors="0">
  <testcase name="kfc" time="33.644" classname="basicProject.tc_3Test"/>
  <system-out/>
</testsuite> <!-- basicProject.tc_3Test -->
