<?xml version="1.0" encoding="UTF-8"?>
<!-- Generated by org.testng.reporters.JUnitReportReporter -->
<testsuite skipped="0" hostname="TYC1121687" name="basicProject.tc_1Test" tests="1" failures="0" timestamp="2022-02-03T17:24:39 IST" time="7.172" errors="0">
  <testcase name="kfc" time="7.172" classname="basicProject.tc_1Test"/>
  <system-out/>
</testsuite> <!-- basicProject.tc_1Test -->
